Determining if the pthread_create exist failed with the following output:
Change Dir: /home/yash/CLionProjects/planning_library/cmake-build-release/CMakeFiles/CMakeTmp

Run Build Command(s):/usr/bin/make cmTC_a24d9/fast 
/usr/bin/make -f CMakeFiles/cmTC_a24d9.dir/build.make CMakeFiles/cmTC_a24d9.dir/build
make[1]: Entering directory '/home/yash/CLionProjects/planning_library/cmake-build-release/CMakeFiles/CMakeTmp'
Building C object CMakeFiles/cmTC_a24d9.dir/CheckSymbolExists.c.o
/usr/bin/cc    -o CMakeFiles/cmTC_a24d9.dir/CheckSymbolExists.c.o   -c /home/yash/CLionProjects/planning_library/cmake-build-release/CMakeFiles/CMakeTmp/CheckSymbolExists.c
Linking C executable cmTC_a24d9
/snap/clion/81/bin/cmake/linux/bin/cmake -E cmake_link_script CMakeFiles/cmTC_a24d9.dir/link.txt --verbose=1
/usr/bin/cc      CMakeFiles/cmTC_a24d9.dir/CheckSymbolExists.c.o  -o cmTC_a24d9 
CMakeFiles/cmTC_a24d9.dir/CheckSymbolExists.c.o: In function `main':
CheckSymbolExists.c:(.text+0x1b): undefined reference to `pthread_create'
collect2: error: ld returned 1 exit status
CMakeFiles/cmTC_a24d9.dir/build.make:86: recipe for target 'cmTC_a24d9' failed
make[1]: *** [cmTC_a24d9] Error 1
make[1]: Leaving directory '/home/yash/CLionProjects/planning_library/cmake-build-release/CMakeFiles/CMakeTmp'
Makefile:121: recipe for target 'cmTC_a24d9/fast' failed
make: *** [cmTC_a24d9/fast] Error 2

File /home/yash/CLionProjects/planning_library/cmake-build-release/CMakeFiles/CMakeTmp/CheckSymbolExists.c:
/* */
#include <pthread.h>

int main(int argc, char** argv)
{
  (void)argv;
#ifndef pthread_create
  return ((int*)(&pthread_create))[argc];
#else
  (void)argc;
  return 0;
#endif
}

Determining if the function pthread_create exists in the pthreads failed with the following output:
Change Dir: /home/yash/CLionProjects/planning_library/cmake-build-release/CMakeFiles/CMakeTmp

Run Build Command(s):/usr/bin/make cmTC_7759f/fast 
/usr/bin/make -f CMakeFiles/cmTC_7759f.dir/build.make CMakeFiles/cmTC_7759f.dir/build
make[1]: Entering directory '/home/yash/CLionProjects/planning_library/cmake-build-release/CMakeFiles/CMakeTmp'
Building C object CMakeFiles/cmTC_7759f.dir/CheckFunctionExists.c.o
/usr/bin/cc   -DCHECK_FUNCTION_EXISTS=pthread_create   -o CMakeFiles/cmTC_7759f.dir/CheckFunctionExists.c.o   -c /snap/clion/81/bin/cmake/linux/share/cmake-3.14/Modules/CheckFunctionExists.c
Linking C executable cmTC_7759f
/snap/clion/81/bin/cmake/linux/bin/cmake -E cmake_link_script CMakeFiles/cmTC_7759f.dir/link.txt --verbose=1
/usr/bin/cc  -DCHECK_FUNCTION_EXISTS=pthread_create    CMakeFiles/cmTC_7759f.dir/CheckFunctionExists.c.o  -o cmTC_7759f -lpthreads 
/usr/bin/ld: cannot find -lpthreads
collect2: error: ld returned 1 exit status
CMakeFiles/cmTC_7759f.dir/build.make:86: recipe for target 'cmTC_7759f' failed
make[1]: *** [cmTC_7759f] Error 1
make[1]: Leaving directory '/home/yash/CLionProjects/planning_library/cmake-build-release/CMakeFiles/CMakeTmp'
Makefile:121: recipe for target 'cmTC_7759f/fast' failed
make: *** [cmTC_7759f/fast] Error 2


